telegram.ext.updater - INFO - Received signal 2 (SIGINT), stopping...
root - INFO - Бот запускается
telegram.ext.updater - INFO - Received signal 2 (SIGINT), stopping...
2019-06-15 17:03:07,652 - INFO - Бот запускается
2019-06-15 17:06:47,772 - INFO - Received signal 2 (SIGINT), stopping...
2019-06-15 17:06:50,809 - INFO - Бот запускается
2019-06-15 17:06:58,682 - INFO - Приветствую, тебя, искатель вдохновения и истины. Воспользуйся же моими знаниями и помощью. Для начала работы со мной можно написать сюда /start
2019-06-15 17:08:08,788 - INFO - Received signal 2 (SIGINT), stopping...
2019-06-15 17:08:16,029 - INFO - Бот запускается
2019-06-15 17:08:24,655 - INFO - Было запущено приветствие
2019-06-15 17:19:01,747 - INFO - Received signal 2 (SIGINT), stopping...
2019-06-15 17:19:06,669 - INFO - Бот запускается
2019-06-15 17:19:13,656 - INFO - Было запущено приветствие
2019-06-15 17:29:29,662 - INFO - Received signal 2 (SIGINT), stopping...
2019-06-15 17:29:32,644 - INFO - Бот запускается
2019-06-15 17:29:38,665 - INFO - Было запущено приветствие
2019-06-15 17:29:43,743 - ERROR - An uncaught error was raised while processing the update
Traceback (most recent call last):
  File "/usr/lib/python3.7/site-packages/telegram/ext/dispatcher.py", line 279, in process_update
    handler.handle_update(update, self)
  File "/usr/lib/python3.7/site-packages/telegram/ext/messagehandler.py", line 169, in handle_update
    return self.callback(dispatcher.bot, update, **optional_args)
  File "megabot.py", line 21, in talk_to_me
    user_text = 'Привет, юный падаван {}! Ты написал: {}'.format.message.chat.first_name, update.message.text
AttributeError: 'builtin_function_or_method' object has no attribute 'message'
2019-06-15 17:31:27,722 - INFO - Received signal 2 (SIGINT), stopping...
2019-06-15 17:31:31,667 - INFO - Бот запускается
2019-06-15 17:31:36,742 - INFO - Было запущено приветствие
2019-06-15 17:47:02,199 - INFO - Received signal 2 (SIGINT), stopping...
2019-06-15 17:47:05,567 - INFO - Бот запускается
2019-06-15 17:47:13,746 - INFO - Было запущено приветствие
2019-06-15 17:47:18,893 - INFO - User: Cranepython, Chat id: 785855459, Message: Ты жопонька
2019-06-15 17:50:42,804 - INFO - Received signal 2 (SIGINT), stopping...
